c:\comp2501\towerdefense\towerdefense\debug\vc140.pdb
c:\comp2501\towerdefense\towerdefense\debug\vc140.idb
c:\comp2501\towerdefense\towerdefense\debug\controller.obj
c:\comp2501\towerdefense\towerdefense\debug\inventory.obj
c:\comp2501\towerdefense\towerdefense\debug\main.obj
c:\comp2501\towerdefense\towerdefense\debug\model.obj
c:\comp2501\towerdefense\towerdefense\debug\player.obj
c:\comp2501\towerdefense\towerdefense\debug\tower.obj
c:\comp2501\towerdefense\towerdefense\debug\view.obj
c:\comp2501\towerdefense\towerdefense\debug\game.obj
c:\comp2501\towerdefense\towerdefense\debug\enemy.obj
c:\comp2501\towerdefense\debug\towerdefense.ilk
c:\comp2501\towerdefense\debug\towerdefense.exe
c:\comp2501\towerdefense\debug\towerdefense.pdb
c:\comp2501\towerdefense\towerdefense\debug\towerdefense.tlog\cl.command.1.tlog
c:\comp2501\towerdefense\towerdefense\debug\towerdefense.tlog\cl.read.1.tlog
c:\comp2501\towerdefense\towerdefense\debug\towerdefense.tlog\cl.write.1.tlog
c:\comp2501\towerdefense\towerdefense\debug\towerdefense.tlog\link.command.1.tlog
c:\comp2501\towerdefense\towerdefense\debug\towerdefense.tlog\link.read.1.tlog
c:\comp2501\towerdefense\towerdefense\debug\towerdefense.tlog\link.write.1.tlog
